{"/home/olivier/andela/nodePortifolio/portfolio/app.js": {"path":"/home/olivier/andela/nodePortifolio/portfolio/app.js","statementMap":{"0":{"start":{"line":9,"column":12},"end":{"line":9,"column":21}},"1":{"start":{"line":10,"column":0},"end":{"line":10,"column":16}},"2":{"start":{"line":11,"column":0},"end":{"line":11,"column":24}},"3":{"start":{"line":13,"column":0},"end":{"line":13,"column":37}},"4":{"start":{"line":14,"column":0},"end":{"line":14,"column":37}},"5":{"start":{"line":15,"column":0},"end":{"line":15,"column":39}},"6":{"start":{"line":16,"column":0},"end":{"line":16,"column":44}},"7":{"start":{"line":17,"column":0},"end":{"line":17,"column":43}}},"fnMap":{},"branchMap":{},"s":{"0":4,"1":4,"2":4,"3":4,"4":4,"5":4,"6":4,"7":4},"f":{},"b":{},"_coverageSchema":"1a1c01bbd47fc00a2c39e90264f33305004495a9","hash":"b63e08d82c8a6499e50598a972ef784a9272ada4"}
,"/home/olivier/andela/nodePortifolio/portfolio/__test__/general.js": {"path":"/home/olivier/andela/nodePortifolio/portfolio/__test__/general.js","statementMap":{"0":{"start":{"line":2,"column":2},"end":{"line":2,"column":14}},"1":{"start":{"line":5,"column":2},"end":{"line":5,"column":12}}},"fnMap":{"0":{"name":"truth","decl":{"start":{"line":1,"column":9},"end":{"line":1,"column":14}},"loc":{"start":{"line":1,"column":17},"end":{"line":3,"column":1}},"line":1},"1":{"name":"addition","decl":{"start":{"line":4,"column":9},"end":{"line":4,"column":17}},"loc":{"start":{"line":4,"column":20},"end":{"line":6,"column":1}},"line":4}},"branchMap":{},"s":{"0":1,"1":1},"f":{"0":1,"1":1},"b":{},"_coverageSchema":"1a1c01bbd47fc00a2c39e90264f33305004495a9","hash":"5682b9d72c767ad8cf37cdebe4f70a0bd278f43a"}
,"/home/olivier/andela/nodePortifolio/portfolio/src/auth/login/controller/login.controller.js": {"path":"/home/olivier/andela/nodePortifolio/portfolio/src/auth/login/controller/login.controller.js","statementMap":{"0":{"start":{"line":5,"column":21},"end":{"line":34,"column":1}},"1":{"start":{"line":6,"column":2},"end":{"line":33,"column":3}},"2":{"start":{"line":7,"column":32},"end":{"line":7,"column":40}},"3":{"start":{"line":9,"column":17},"end":{"line":9,"column":53}},"4":{"start":{"line":12,"column":4},"end":{"line":17,"column":5}},"5":{"start":{"line":13,"column":6},"end":{"line":16,"column":9}},"6":{"start":{"line":19,"column":18},"end":{"line":21,"column":6}},"7":{"start":{"line":23,"column":4},"end":{"line":27,"column":7}},"8":{"start":{"line":29,"column":4},"end":{"line":32,"column":7}}},"fnMap":{"0":{"name":"(anonymous_0)","decl":{"start":{"line":5,"column":21},"end":{"line":5,"column":22}},"loc":{"start":{"line":5,"column":41},"end":{"line":34,"column":1}},"line":5}},"branchMap":{"0":{"loc":{"start":{"line":12,"column":4},"end":{"line":17,"column":5}},"type":"if","locations":[{"start":{"line":12,"column":4},"end":{"line":17,"column":5}},{"start":{},"end":{}}],"line":12},"1":{"loc":{"start":{"line":12,"column":8},"end":{"line":12,"column":69}},"type":"binary-expr","locations":[{"start":{"line":12,"column":8},"end":{"line":12,"column":13}},{"start":{"line":12,"column":17},"end":{"line":12,"column":69}}],"line":12}},"s":{"0":4,"1":0,"2":0,"3":0,"4":0,"5":0,"6":0,"7":0,"8":0},"f":{"0":0},"b":{"0":[0,0],"1":[0,0]},"_coverageSchema":"1a1c01bbd47fc00a2c39e90264f33305004495a9","hash":"9ebe5350b6a64ce919b18035508d822607254ba9"}
,"/home/olivier/andela/nodePortifolio/portfolio/src/auth/signup/controller/signup.controller.js": {"path":"/home/olivier/andela/nodePortifolio/portfolio/src/auth/signup/controller/signup.controller.js","statementMap":{"0":{"start":{"line":4,"column":26},"end":{"line":34,"column":1}},"1":{"start":{"line":5,"column":40},"end":{"line":5,"column":48}},"2":{"start":{"line":7,"column":2},"end":{"line":33,"column":3}},"3":{"start":{"line":8,"column":4},"end":{"line":12,"column":5}},"4":{"start":{"line":9,"column":6},"end":{"line":11,"column":9}},"5":{"start":{"line":13,"column":20},"end":{"line":19,"column":6}},"6":{"start":{"line":21,"column":4},"end":{"line":27,"column":7}},"7":{"start":{"line":29,"column":4},"end":{"line":32,"column":7}}},"fnMap":{"0":{"name":"(anonymous_0)","decl":{"start":{"line":4,"column":26},"end":{"line":4,"column":27}},"loc":{"start":{"line":4,"column":46},"end":{"line":34,"column":1}},"line":4}},"branchMap":{"0":{"loc":{"start":{"line":8,"column":4},"end":{"line":12,"column":5}},"type":"if","locations":[{"start":{"line":8,"column":4},"end":{"line":12,"column":5}},{"start":{},"end":{}}],"line":8}},"s":{"0":4,"1":1,"2":1,"3":1,"4":0,"5":1,"6":0,"7":0},"f":{"0":1},"b":{"0":[0,1]},"_coverageSchema":"1a1c01bbd47fc00a2c39e90264f33305004495a9","hash":"e218d5cc0532556c01b8d608862d393549e482f5"}
,"/home/olivier/andela/nodePortifolio/portfolio/src/blog/controller/blog.Controller.js": {"path":"/home/olivier/andela/nodePortifolio/portfolio/src/blog/controller/blog.Controller.js","statementMap":{"0":{"start":{"line":3,"column":26},"end":{"line":23,"column":1}},"1":{"start":{"line":4,"column":2},"end":{"line":22,"column":3}},"2":{"start":{"line":5,"column":20},"end":{"line":8,"column":6}},"3":{"start":{"line":10,"column":4},"end":{"line":16,"column":7}},"4":{"start":{"line":18,"column":4},"end":{"line":21,"column":7}},"5":{"start":{"line":25,"column":23},"end":{"line":41,"column":1}},"6":{"start":{"line":26,"column":2},"end":{"line":40,"column":3}},"7":{"start":{"line":27,"column":17},"end":{"line":27,"column":72}},"8":{"start":{"line":29,"column":4},"end":{"line":34,"column":7}},"9":{"start":{"line":36,"column":4},"end":{"line":39,"column":7}},"10":{"start":{"line":43,"column":26},"end":{"line":63,"column":1}},"11":{"start":{"line":44,"column":2},"end":{"line":62,"column":3}},"12":{"start":{"line":45,"column":17},"end":{"line":45,"column":19}},"13":{"start":{"line":46,"column":4},"end":{"line":46,"column":64}},"14":{"start":{"line":46,"column":27},"end":{"line":46,"column":64}},"15":{"start":{"line":48,"column":21},"end":{"line":48,"column":44}},"16":{"start":{"line":50,"column":4},"end":{"line":56,"column":7}},"17":{"start":{"line":58,"column":4},"end":{"line":61,"column":7}},"18":{"start":{"line":65,"column":26},"end":{"line":80,"column":1}},"19":{"start":{"line":66,"column":2},"end":{"line":79,"column":3}},"20":{"start":{"line":67,"column":4},"end":{"line":67,"column":48}},"21":{"start":{"line":69,"column":4},"end":{"line":73,"column":7}},"22":{"start":{"line":75,"column":4},"end":{"line":78,"column":7}},"23":{"start":{"line":82,"column":26},"end":{"line":101,"column":1}},"24":{"start":{"line":83,"column":2},"end":{"line":100,"column":3}},"25":{"start":{"line":84,"column":24},"end":{"line":87,"column":6}},"26":{"start":{"line":89,"column":4},"end":{"line":94,"column":7}},"27":{"start":{"line":96,"column":4},"end":{"line":99,"column":7}}},"fnMap":{"0":{"name":"(anonymous_0)","decl":{"start":{"line":3,"column":26},"end":{"line":3,"column":27}},"loc":{"start":{"line":3,"column":46},"end":{"line":23,"column":1}},"line":3},"1":{"name":"(anonymous_1)","decl":{"start":{"line":25,"column":23},"end":{"line":25,"column":24}},"loc":{"start":{"line":25,"column":43},"end":{"line":41,"column":1}},"line":25},"2":{"name":"(anonymous_2)","decl":{"start":{"line":43,"column":26},"end":{"line":43,"column":27}},"loc":{"start":{"line":43,"column":46},"end":{"line":63,"column":1}},"line":43},"3":{"name":"(anonymous_3)","decl":{"start":{"line":65,"column":26},"end":{"line":65,"column":27}},"loc":{"start":{"line":65,"column":46},"end":{"line":80,"column":1}},"line":65},"4":{"name":"(anonymous_4)","decl":{"start":{"line":82,"column":26},"end":{"line":82,"column":27}},"loc":{"start":{"line":82,"column":46},"end":{"line":101,"column":1}},"line":82}},"branchMap":{"0":{"loc":{"start":{"line":46,"column":4},"end":{"line":46,"column":64}},"type":"if","locations":[{"start":{"line":46,"column":4},"end":{"line":46,"column":64}},{"start":{},"end":{}}],"line":46}},"s":{"0":4,"1":1,"2":1,"3":0,"4":0,"5":4,"6":0,"7":0,"8":0,"9":0,"10":4,"11":0,"12":0,"13":0,"14":0,"15":0,"16":0,"17":0,"18":4,"19":0,"20":0,"21":0,"22":0,"23":4,"24":0,"25":0,"26":0,"27":0},"f":{"0":1,"1":0,"2":0,"3":0,"4":0},"b":{"0":[0,0]},"_coverageSchema":"1a1c01bbd47fc00a2c39e90264f33305004495a9","hash":"2eca128135eda4a61469eeea677be49367adaeb3"}
,"/home/olivier/andela/nodePortifolio/portfolio/src/blog/models/blog.model.js": {"path":"/home/olivier/andela/nodePortifolio/portfolio/src/blog/models/blog.model.js","statementMap":{"0":{"start":{"line":3,"column":19},"end":{"line":26,"column":1}},"1":{"start":{"line":28,"column":0},"end":{"line":32,"column":3}},"2":{"start":{"line":34,"column":13},"end":{"line":34,"column":47}}},"fnMap":{},"branchMap":{},"s":{"0":4,"1":4,"2":4},"f":{},"b":{},"_coverageSchema":"1a1c01bbd47fc00a2c39e90264f33305004495a9","hash":"275e5f5b4782d9791d0e96e1717293462cb5d227"}
,"/home/olivier/andela/nodePortifolio/portfolio/src/blog/router/blog.router.js": {"path":"/home/olivier/andela/nodePortifolio/portfolio/src/blog/router/blog.router.js","statementMap":{"0":{"start":{"line":13,"column":15},"end":{"line":13,"column":31}},"1":{"start":{"line":15,"column":0},"end":{"line":15,"column":47}},"2":{"start":{"line":17,"column":0},"end":{"line":17,"column":60}},"3":{"start":{"line":18,"column":0},"end":{"line":22,"column":30}}},"fnMap":{},"branchMap":{},"s":{"0":4,"1":4,"2":4,"3":4},"f":{},"b":{},"_coverageSchema":"1a1c01bbd47fc00a2c39e90264f33305004495a9","hash":"1196e69e5ef9b8c8b1a776b4eddd617ee9fe2850"}
,"/home/olivier/andela/nodePortifolio/portfolio/src/comment/controller/comment.controller.js": {"path":"/home/olivier/andela/nodePortifolio/portfolio/src/comment/controller/comment.controller.js","statementMap":{"0":{"start":{"line":3,"column":29},"end":{"line":23,"column":1}},"1":{"start":{"line":4,"column":2},"end":{"line":4,"column":56}},"2":{"start":{"line":4,"column":22},"end":{"line":4,"column":56}},"3":{"start":{"line":5,"column":2},"end":{"line":5,"column":55}},"4":{"start":{"line":5,"column":24},"end":{"line":5,"column":55}},"5":{"start":{"line":6,"column":2},"end":{"line":6,"column":24}},"6":{"start":{"line":8,"column":2},"end":{"line":22,"column":3}},"7":{"start":{"line":9,"column":23},"end":{"line":9,"column":53}},"8":{"start":{"line":10,"column":4},"end":{"line":16,"column":7}},"9":{"start":{"line":18,"column":4},"end":{"line":21,"column":7}},"10":{"start":{"line":25,"column":30},"end":{"line":42,"column":1}},"11":{"start":{"line":26,"column":2},"end":{"line":41,"column":3}},"12":{"start":{"line":27,"column":24},"end":{"line":27,"column":44}},"13":{"start":{"line":29,"column":4},"end":{"line":35,"column":7}},"14":{"start":{"line":37,"column":4},"end":{"line":40,"column":7}},"15":{"start":{"line":44,"column":29},"end":{"line":57,"column":1}},"16":{"start":{"line":45,"column":2},"end":{"line":56,"column":3}},"17":{"start":{"line":46,"column":4},"end":{"line":46,"column":51}},"18":{"start":{"line":47,"column":4},"end":{"line":50,"column":7}},"19":{"start":{"line":52,"column":4},"end":{"line":55,"column":7}}},"fnMap":{"0":{"name":"(anonymous_0)","decl":{"start":{"line":3,"column":29},"end":{"line":3,"column":30}},"loc":{"start":{"line":3,"column":49},"end":{"line":23,"column":1}},"line":3},"1":{"name":"(anonymous_1)","decl":{"start":{"line":25,"column":30},"end":{"line":25,"column":31}},"loc":{"start":{"line":25,"column":50},"end":{"line":42,"column":1}},"line":25},"2":{"name":"(anonymous_2)","decl":{"start":{"line":44,"column":29},"end":{"line":44,"column":30}},"loc":{"start":{"line":44,"column":49},"end":{"line":57,"column":1}},"line":44}},"branchMap":{"0":{"loc":{"start":{"line":4,"column":2},"end":{"line":4,"column":56}},"type":"if","locations":[{"start":{"line":4,"column":2},"end":{"line":4,"column":56}},{"start":{},"end":{}}],"line":4},"1":{"loc":{"start":{"line":5,"column":2},"end":{"line":5,"column":55}},"type":"if","locations":[{"start":{"line":5,"column":2},"end":{"line":5,"column":55}},{"start":{},"end":{}}],"line":5}},"s":{"0":4,"1":0,"2":0,"3":0,"4":0,"5":0,"6":0,"7":0,"8":0,"9":0,"10":4,"11":0,"12":0,"13":0,"14":0,"15":4,"16":0,"17":0,"18":0,"19":0},"f":{"0":0,"1":0,"2":0},"b":{"0":[0,0],"1":[0,0]},"_coverageSchema":"1a1c01bbd47fc00a2c39e90264f33305004495a9","hash":"55324e42456f50614dc7cdcba93d3f1e710e8a57"}
,"/home/olivier/andela/nodePortifolio/portfolio/src/comment/model/comment.model.js": {"path":"/home/olivier/andela/nodePortifolio/portfolio/src/comment/model/comment.model.js","statementMap":{"0":{"start":{"line":3,"column":22},"end":{"line":32,"column":1}},"1":{"start":{"line":34,"column":0},"end":{"line":41,"column":3}},"2":{"start":{"line":35,"column":2},"end":{"line":38,"column":5}},"3":{"start":{"line":40,"column":2},"end":{"line":40,"column":9}},"4":{"start":{"line":43,"column":16},"end":{"line":43,"column":56}}},"fnMap":{"0":{"name":"(anonymous_0)","decl":{"start":{"line":34,"column":27},"end":{"line":34,"column":28}},"loc":{"start":{"line":34,"column":43},"end":{"line":41,"column":1}},"line":34}},"branchMap":{},"s":{"0":4,"1":4,"2":0,"3":0,"4":4},"f":{"0":0},"b":{},"_coverageSchema":"1a1c01bbd47fc00a2c39e90264f33305004495a9","hash":"702f2048c5dc31a3c94ae79241bceb0d551cb285"}
,"/home/olivier/andela/nodePortifolio/portfolio/src/comment/router/comment.router.js": {"path":"/home/olivier/andela/nodePortifolio/portfolio/src/comment/router/comment.router.js","statementMap":{"0":{"start":{"line":10,"column":15},"end":{"line":10,"column":52}},"1":{"start":{"line":12,"column":0},"end":{"line":12,"column":67}},"2":{"start":{"line":13,"column":0},"end":{"line":13,"column":52}}},"fnMap":{},"branchMap":{},"s":{"0":4,"1":4,"2":4},"f":{},"b":{},"_coverageSchema":"1a1c01bbd47fc00a2c39e90264f33305004495a9","hash":"00b91c6e7dd2ca077b8abe4d324cb5c6836af01f"}
,"/home/olivier/andela/nodePortifolio/portfolio/src/emails/controller/email.controller.js": {"path":"/home/olivier/andela/nodePortifolio/portfolio/src/emails/controller/email.controller.js","statementMap":{"0":{"start":{"line":3,"column":27},"end":{"line":23,"column":1}},"1":{"start":{"line":4,"column":2},"end":{"line":22,"column":3}},"2":{"start":{"line":5,"column":21},"end":{"line":9,"column":6}},"3":{"start":{"line":10,"column":4},"end":{"line":16,"column":7}},"4":{"start":{"line":18,"column":4},"end":{"line":21,"column":7}},"5":{"start":{"line":25,"column":27},"end":{"line":41,"column":1}},"6":{"start":{"line":26,"column":2},"end":{"line":40,"column":3}},"7":{"start":{"line":27,"column":22},"end":{"line":27,"column":40}},"8":{"start":{"line":28,"column":4},"end":{"line":34,"column":7}},"9":{"start":{"line":36,"column":4},"end":{"line":39,"column":7}},"10":{"start":{"line":43,"column":30},"end":{"line":58,"column":1}},"11":{"start":{"line":44,"column":2},"end":{"line":57,"column":3}},"12":{"start":{"line":45,"column":24},"end":{"line":45,"column":59}},"13":{"start":{"line":46,"column":4},"end":{"line":51,"column":7}},"14":{"start":{"line":53,"column":4},"end":{"line":56,"column":7}},"15":{"start":{"line":60,"column":27},"end":{"line":74,"column":1}},"16":{"start":{"line":61,"column":2},"end":{"line":73,"column":3}},"17":{"start":{"line":62,"column":4},"end":{"line":62,"column":49}},"18":{"start":{"line":63,"column":4},"end":{"line":67,"column":7}},"19":{"start":{"line":69,"column":4},"end":{"line":72,"column":7}}},"fnMap":{"0":{"name":"(anonymous_0)","decl":{"start":{"line":3,"column":27},"end":{"line":3,"column":28}},"loc":{"start":{"line":3,"column":47},"end":{"line":23,"column":1}},"line":3},"1":{"name":"(anonymous_1)","decl":{"start":{"line":25,"column":27},"end":{"line":25,"column":28}},"loc":{"start":{"line":25,"column":47},"end":{"line":41,"column":1}},"line":25},"2":{"name":"(anonymous_2)","decl":{"start":{"line":43,"column":30},"end":{"line":43,"column":31}},"loc":{"start":{"line":43,"column":50},"end":{"line":58,"column":1}},"line":43},"3":{"name":"(anonymous_3)","decl":{"start":{"line":60,"column":27},"end":{"line":60,"column":28}},"loc":{"start":{"line":60,"column":47},"end":{"line":74,"column":1}},"line":60}},"branchMap":{},"s":{"0":4,"1":1,"2":1,"3":0,"4":0,"5":4,"6":0,"7":0,"8":0,"9":0,"10":4,"11":0,"12":0,"13":0,"14":0,"15":4,"16":0,"17":0,"18":0,"19":0},"f":{"0":1,"1":0,"2":0,"3":0},"b":{},"_coverageSchema":"1a1c01bbd47fc00a2c39e90264f33305004495a9","hash":"4294c53a34cb88d55b0062bfc40e242c2e93257f"}
,"/home/olivier/andela/nodePortifolio/portfolio/src/emails/model/email.model.js": {"path":"/home/olivier/andela/nodePortifolio/portfolio/src/emails/model/email.model.js","statementMap":{"0":{"start":{"line":3,"column":20},"end":{"line":17,"column":2}},"1":{"start":{"line":19,"column":14},"end":{"line":19,"column":50}}},"fnMap":{},"branchMap":{},"s":{"0":4,"1":4},"f":{},"b":{},"_coverageSchema":"1a1c01bbd47fc00a2c39e90264f33305004495a9","hash":"e980ac37a03c39b92d0fdb92440326daa59f048f"}
,"/home/olivier/andela/nodePortifolio/portfolio/src/emails/router/email.router.js": {"path":"/home/olivier/andela/nodePortifolio/portfolio/src/emails/router/email.router.js","statementMap":{"0":{"start":{"line":11,"column":15},"end":{"line":11,"column":31}},"1":{"start":{"line":13,"column":0},"end":{"line":13,"column":53}},"2":{"start":{"line":14,"column":0},"end":{"line":14,"column":70}}},"fnMap":{},"branchMap":{},"s":{"0":4,"1":4,"2":4},"f":{},"b":{},"_coverageSchema":"1a1c01bbd47fc00a2c39e90264f33305004495a9","hash":"3fb88fb0145f2e5673543f60cf8a729e4df1cd3e"}
,"/home/olivier/andela/nodePortifolio/portfolio/src/middlewares/middlewares.js": {"path":"/home/olivier/andela/nodePortifolio/portfolio/src/middlewares/middlewares.js","statementMap":{"0":{"start":{"line":5,"column":23},"end":{"line":41,"column":1}},"1":{"start":{"line":7,"column":2},"end":{"line":39,"column":3}},"2":{"start":{"line":9,"column":4},"end":{"line":11,"column":5}},"3":{"start":{"line":10,"column":6},"end":{"line":10,"column":54}},"4":{"start":{"line":15,"column":21},"end":{"line":18,"column":5}},"5":{"start":{"line":22,"column":25},"end":{"line":22,"column":57}},"6":{"start":{"line":24,"column":4},"end":{"line":29,"column":5}},"7":{"start":{"line":25,"column":6},"end":{"line":28,"column":9}},"8":{"start":{"line":32,"column":4},"end":{"line":32,"column":28}},"9":{"start":{"line":34,"column":4},"end":{"line":38,"column":7}},"10":{"start":{"line":40,"column":2},"end":{"line":40,"column":9}},"11":{"start":{"line":43,"column":26},"end":{"line":54,"column":1}},"12":{"start":{"line":44,"column":2},"end":{"line":53,"column":4}},"13":{"start":{"line":45,"column":4},"end":{"line":50,"column":5}},"14":{"start":{"line":46,"column":6},"end":{"line":49,"column":9}},"15":{"start":{"line":52,"column":4},"end":{"line":52,"column":11}}},"fnMap":{"0":{"name":"(anonymous_0)","decl":{"start":{"line":5,"column":23},"end":{"line":5,"column":24}},"loc":{"start":{"line":5,"column":49},"end":{"line":41,"column":1}},"line":5},"1":{"name":"(anonymous_1)","decl":{"start":{"line":43,"column":26},"end":{"line":43,"column":27}},"loc":{"start":{"line":43,"column":40},"end":{"line":54,"column":1}},"line":43},"2":{"name":"(anonymous_2)","decl":{"start":{"line":44,"column":9},"end":{"line":44,"column":10}},"loc":{"start":{"line":44,"column":29},"end":{"line":53,"column":3}},"line":44}},"branchMap":{"0":{"loc":{"start":{"line":9,"column":4},"end":{"line":11,"column":5}},"type":"if","locations":[{"start":{"line":9,"column":4},"end":{"line":11,"column":5}},{"start":{},"end":{}}],"line":9},"1":{"loc":{"start":{"line":24,"column":4},"end":{"line":29,"column":5}},"type":"if","locations":[{"start":{"line":24,"column":4},"end":{"line":29,"column":5}},{"start":{},"end":{}}],"line":24},"2":{"loc":{"start":{"line":45,"column":4},"end":{"line":50,"column":5}},"type":"if","locations":[{"start":{"line":45,"column":4},"end":{"line":50,"column":5}},{"start":{},"end":{}}],"line":45}},"s":{"0":4,"1":1,"2":1,"3":0,"4":0,"5":0,"6":0,"7":0,"8":0,"9":1,"10":1,"11":4,"12":8,"13":0,"14":0,"15":0},"f":{"0":1,"1":8,"2":0},"b":{"0":[0,0],"1":[0,0],"2":[0,0]},"_coverageSchema":"1a1c01bbd47fc00a2c39e90264f33305004495a9","hash":"2ab9fdb5a2cabbb3648678b89f6e2b9ce76fe31d"}
,"/home/olivier/andela/nodePortifolio/portfolio/src/subscribers/controller/sub.controller.js": {"path":"/home/olivier/andela/nodePortifolio/portfolio/src/subscribers/controller/sub.controller.js","statementMap":{"0":{"start":{"line":3,"column":34},"end":{"line":21,"column":1}},"1":{"start":{"line":4,"column":2},"end":{"line":20,"column":3}},"2":{"start":{"line":5,"column":26},"end":{"line":7,"column":6}},"3":{"start":{"line":8,"column":4},"end":{"line":14,"column":7}},"4":{"start":{"line":16,"column":4},"end":{"line":19,"column":7}},"5":{"start":{"line":23,"column":31},"end":{"line":40,"column":1}},"6":{"start":{"line":24,"column":2},"end":{"line":39,"column":3}},"7":{"start":{"line":25,"column":26},"end":{"line":25,"column":49}},"8":{"start":{"line":27,"column":4},"end":{"line":33,"column":7}},"9":{"start":{"line":35,"column":4},"end":{"line":38,"column":7}},"10":{"start":{"line":42,"column":34},"end":{"line":56,"column":1}},"11":{"start":{"line":43,"column":2},"end":{"line":55,"column":3}},"12":{"start":{"line":44,"column":4},"end":{"line":44,"column":54}},"13":{"start":{"line":45,"column":4},"end":{"line":49,"column":7}},"14":{"start":{"line":51,"column":4},"end":{"line":54,"column":7}}},"fnMap":{"0":{"name":"(anonymous_0)","decl":{"start":{"line":3,"column":34},"end":{"line":3,"column":35}},"loc":{"start":{"line":3,"column":54},"end":{"line":21,"column":1}},"line":3},"1":{"name":"(anonymous_1)","decl":{"start":{"line":23,"column":31},"end":{"line":23,"column":32}},"loc":{"start":{"line":23,"column":51},"end":{"line":40,"column":1}},"line":23},"2":{"name":"(anonymous_2)","decl":{"start":{"line":42,"column":34},"end":{"line":42,"column":35}},"loc":{"start":{"line":42,"column":54},"end":{"line":56,"column":1}},"line":42}},"branchMap":{},"s":{"0":4,"1":1,"2":1,"3":0,"4":0,"5":4,"6":0,"7":0,"8":0,"9":0,"10":4,"11":0,"12":0,"13":0,"14":0},"f":{"0":1,"1":0,"2":0},"b":{},"_coverageSchema":"1a1c01bbd47fc00a2c39e90264f33305004495a9","hash":"b5691dc0cc03113f78eae05252a75cdb5b6a3a03"}
,"/home/olivier/andela/nodePortifolio/portfolio/src/subscribers/model/sub.model.js": {"path":"/home/olivier/andela/nodePortifolio/portfolio/src/subscribers/model/sub.model.js","statementMap":{"0":{"start":{"line":3,"column":24},"end":{"line":12,"column":2}},"1":{"start":{"line":14,"column":19},"end":{"line":14,"column":63}}},"fnMap":{},"branchMap":{},"s":{"0":4,"1":4},"f":{},"b":{},"_coverageSchema":"1a1c01bbd47fc00a2c39e90264f33305004495a9","hash":"2930c46c5a9eefe21faa88122b3eb93429df379a"}
,"/home/olivier/andela/nodePortifolio/portfolio/src/subscribers/router/sub.router.js": {"path":"/home/olivier/andela/nodePortifolio/portfolio/src/subscribers/router/sub.router.js","statementMap":{"0":{"start":{"line":9,"column":15},"end":{"line":9,"column":31}},"1":{"start":{"line":11,"column":0},"end":{"line":11,"column":64}},"2":{"start":{"line":12,"column":0},"end":{"line":12,"column":48}}},"fnMap":{},"branchMap":{},"s":{"0":4,"1":4,"2":4},"f":{},"b":{},"_coverageSchema":"1a1c01bbd47fc00a2c39e90264f33305004495a9","hash":"014690fceb56319e23bdbdf185375e6dc5f6ebf6"}
,"/home/olivier/andela/nodePortifolio/portfolio/src/users/controller/user.controller.js": {"path":"/home/olivier/andela/nodePortifolio/portfolio/src/users/controller/user.controller.js","statementMap":{"0":{"start":{"line":4,"column":26},"end":{"line":28,"column":1}},"1":{"start":{"line":5,"column":23},"end":{"line":5,"column":31}},"2":{"start":{"line":7,"column":2},"end":{"line":27,"column":3}},"3":{"start":{"line":8,"column":20},"end":{"line":14,"column":6}},"4":{"start":{"line":16,"column":4},"end":{"line":21,"column":7}},"5":{"start":{"line":23,"column":4},"end":{"line":26,"column":7}},"6":{"start":{"line":30,"column":23},"end":{"line":46,"column":1}},"7":{"start":{"line":31,"column":2},"end":{"line":45,"column":3}},"8":{"start":{"line":32,"column":17},"end":{"line":32,"column":51}},"9":{"start":{"line":34,"column":4},"end":{"line":39,"column":7}},"10":{"start":{"line":41,"column":4},"end":{"line":44,"column":7}},"11":{"start":{"line":48,"column":27},"end":{"line":65,"column":1}},"12":{"start":{"line":49,"column":2},"end":{"line":64,"column":3}},"13":{"start":{"line":50,"column":18},"end":{"line":50,"column":35}},"14":{"start":{"line":52,"column":4},"end":{"line":58,"column":7}},"15":{"start":{"line":60,"column":4},"end":{"line":63,"column":7}},"16":{"start":{"line":67,"column":26},"end":{"line":86,"column":1}},"17":{"start":{"line":68,"column":2},"end":{"line":85,"column":3}},"18":{"start":{"line":69,"column":17},"end":{"line":72,"column":6}},"19":{"start":{"line":74,"column":4},"end":{"line":79,"column":7}},"20":{"start":{"line":81,"column":4},"end":{"line":84,"column":7}},"21":{"start":{"line":88,"column":26},"end":{"line":102,"column":1}},"22":{"start":{"line":89,"column":2},"end":{"line":101,"column":3}},"23":{"start":{"line":90,"column":4},"end":{"line":90,"column":48}},"24":{"start":{"line":92,"column":4},"end":{"line":95,"column":7}},"25":{"start":{"line":97,"column":4},"end":{"line":100,"column":7}}},"fnMap":{"0":{"name":"(anonymous_0)","decl":{"start":{"line":4,"column":26},"end":{"line":4,"column":27}},"loc":{"start":{"line":4,"column":46},"end":{"line":28,"column":1}},"line":4},"1":{"name":"(anonymous_1)","decl":{"start":{"line":30,"column":23},"end":{"line":30,"column":24}},"loc":{"start":{"line":30,"column":43},"end":{"line":46,"column":1}},"line":30},"2":{"name":"(anonymous_2)","decl":{"start":{"line":48,"column":27},"end":{"line":48,"column":28}},"loc":{"start":{"line":48,"column":47},"end":{"line":65,"column":1}},"line":48},"3":{"name":"(anonymous_3)","decl":{"start":{"line":67,"column":26},"end":{"line":67,"column":27}},"loc":{"start":{"line":67,"column":46},"end":{"line":86,"column":1}},"line":67},"4":{"name":"(anonymous_4)","decl":{"start":{"line":88,"column":26},"end":{"line":88,"column":27}},"loc":{"start":{"line":88,"column":46},"end":{"line":102,"column":1}},"line":88}},"branchMap":{},"s":{"0":4,"1":0,"2":0,"3":0,"4":0,"5":0,"6":4,"7":0,"8":0,"9":0,"10":0,"11":4,"12":0,"13":0,"14":0,"15":0,"16":4,"17":0,"18":0,"19":0,"20":0,"21":4,"22":0,"23":0,"24":0,"25":0},"f":{"0":0,"1":0,"2":0,"3":0,"4":0},"b":{},"_coverageSchema":"1a1c01bbd47fc00a2c39e90264f33305004495a9","hash":"1644ee8e89c31be23dd9f675f1f22b892c7d92eb"}
,"/home/olivier/andela/nodePortifolio/portfolio/src/users/models/user.model.js": {"path":"/home/olivier/andela/nodePortifolio/portfolio/src/users/models/user.model.js","statementMap":{"0":{"start":{"line":4,"column":19},"end":{"line":35,"column":2}},"1":{"start":{"line":37,"column":0},"end":{"line":43,"column":3}},"2":{"start":{"line":41,"column":2},"end":{"line":41,"column":35}},"3":{"start":{"line":42,"column":2},"end":{"line":42,"column":9}},"4":{"start":{"line":44,"column":0},"end":{"line":46,"column":2}},"5":{"start":{"line":45,"column":2},"end":{"line":45,"column":54}},"6":{"start":{"line":47,"column":13},"end":{"line":47,"column":47}}},"fnMap":{"0":{"name":"(anonymous_0)","decl":{"start":{"line":37,"column":23},"end":{"line":37,"column":24}},"loc":{"start":{"line":37,"column":39},"end":{"line":43,"column":1}},"line":37},"1":{"name":"(anonymous_1)","decl":{"start":{"line":44,"column":35},"end":{"line":44,"column":36}},"loc":{"start":{"line":44,"column":75},"end":{"line":46,"column":1}},"line":44}},"branchMap":{},"s":{"0":4,"1":4,"2":1,"3":1,"4":4,"5":0,"6":4},"f":{"0":1,"1":0},"b":{},"_coverageSchema":"1a1c01bbd47fc00a2c39e90264f33305004495a9","hash":"3787cf13d5517cc877041d2e81533245a6b129c0"}
,"/home/olivier/andela/nodePortifolio/portfolio/src/users/routes/userRoutes.js": {"path":"/home/olivier/andela/nodePortifolio/portfolio/src/users/routes/userRoutes.js","statementMap":{"0":{"start":{"line":13,"column":15},"end":{"line":13,"column":31}},"1":{"start":{"line":22,"column":0},"end":{"line":22,"column":29}},"2":{"start":{"line":24,"column":0},"end":{"line":24,"column":52}},"3":{"start":{"line":25,"column":0},"end":{"line":29,"column":52}}},"fnMap":{},"branchMap":{},"s":{"0":4,"1":4,"2":4,"3":4},"f":{},"b":{},"_coverageSchema":"1a1c01bbd47fc00a2c39e90264f33305004495a9","hash":"37766432cc6d67bfee991c7c037d5a0d207e3c9a"}
}
