TN:
SF:app.js
FNF:0
FNH:0
DA:8,1
DA:10,1
DA:12,1
DA:13,1
DA:14,1
DA:15,1
DA:16,1
LF:7
LH:7
BRF:0
BRH:0
end_of_record
TN:
SF:src/auth/login/controller/login.controller.js
FN:5,(anonymous_0)
FNF:1
FNH:0
FNDA:0,(anonymous_0)
DA:5,1
DA:6,0
DA:7,0
DA:9,0
DA:12,0
DA:13,0
DA:19,0
DA:23,0
DA:29,0
LF:9
LH:1
BRDA:12,0,0,0
BRDA:12,0,1,0
BRDA:12,1,0,0
BRDA:12,1,1,0
BRF:4
BRH:0
end_of_record
TN:
SF:src/auth/signup/controller/signup.controller.js
FN:4,(anonymous_0)
FNF:1
FNH:0
FNDA:0,(anonymous_0)
DA:4,1
DA:5,0
DA:7,0
DA:8,0
DA:9,0
DA:13,0
DA:21,0
DA:28,0
LF:8
LH:1
BRDA:8,0,0,0
BRDA:8,0,1,0
BRF:2
BRH:0
end_of_record
TN:
SF:src/blog/controller/blog.Controller.js
FN:3,(anonymous_0)
FN:24,(anonymous_1)
FN:42,(anonymous_2)
FN:61,(anonymous_3)
FN:78,(anonymous_4)
FNF:5
FNH:0
FNDA:0,(anonymous_0)
FNDA:0,(anonymous_1)
FNDA:0,(anonymous_2)
FNDA:0,(anonymous_3)
FNDA:0,(anonymous_4)
DA:3,1
DA:4,0
DA:5,0
DA:10,0
DA:17,0
DA:24,1
DA:25,0
DA:26,0
DA:28,0
DA:35,0
DA:42,1
DA:43,0
DA:44,0
DA:46,0
DA:54,0
DA:61,1
DA:62,0
DA:63,0
DA:65,0
DA:71,0
DA:78,1
DA:79,0
DA:80,0
DA:85,0
DA:92,0
LF:25
LH:5
BRF:0
BRH:0
end_of_record
TN:
SF:src/blog/models/blog.model.js
FNF:0
FNH:0
DA:3,1
DA:21,1
LF:2
LH:2
BRF:0
BRH:0
end_of_record
TN:
SF:src/blog/router/blog.router.js
FNF:0
FNH:0
DA:12,1
DA:14,1
DA:15,1
LF:3
LH:3
BRF:0
BRH:0
end_of_record
TN:
SF:src/comment/controller/comment.controller.js
FN:3,(anonymous_0)
FN:23,(anonymous_1)
FNF:2
FNH:0
FNDA:0,(anonymous_0)
FNDA:0,(anonymous_1)
DA:3,1
DA:4,0
DA:5,0
DA:9,0
DA:16,0
DA:23,1
DA:24,0
DA:25,0
DA:26,0
DA:31,0
LF:10
LH:2
BRF:0
BRH:0
end_of_record
TN:
SF:src/comment/model/comment.model.js
FNF:0
FNH:0
DA:3,1
DA:17,1
LF:2
LH:2
BRF:0
BRH:0
end_of_record
TN:
SF:src/comment/router/comment.router.js
FNF:0
FNH:0
DA:9,1
DA:11,1
DA:12,1
LF:3
LH:3
BRF:0
BRH:0
end_of_record
TN:
SF:src/emails/controller/email.controller.js
FN:3,(anonymous_0)
FN:24,(anonymous_1)
FN:42,(anonymous_2)
FN:59,(anonymous_3)
FNF:4
FNH:0
FNDA:0,(anonymous_0)
FNDA:0,(anonymous_1)
FNDA:0,(anonymous_2)
FNDA:0,(anonymous_3)
DA:3,1
DA:4,0
DA:5,0
DA:10,0
DA:17,0
DA:24,1
DA:25,0
DA:26,0
DA:27,0
DA:35,0
DA:42,1
DA:43,0
DA:44,0
DA:45,0
DA:52,0
DA:59,1
DA:60,0
DA:61,0
DA:62,0
DA:67,0
LF:20
LH:4
BRF:0
BRH:0
end_of_record
TN:
SF:src/emails/model/email.model.js
FNF:0
FNH:0
DA:3,1
DA:23,1
LF:2
LH:2
BRF:0
BRH:0
end_of_record
TN:
SF:src/emails/router/email.router.js
FNF:0
FNH:0
DA:11,1
DA:13,1
DA:14,1
LF:3
LH:3
BRF:0
BRH:0
end_of_record
TN:
SF:src/middlewares/middlewares.js
FN:5,(anonymous_0)
FN:43,(anonymous_1)
FN:44,(anonymous_2)
FNF:3
FNH:1
FNDA:0,(anonymous_0)
FNDA:4,(anonymous_1)
FNDA:0,(anonymous_2)
DA:5,1
DA:7,0
DA:9,0
DA:10,0
DA:15,0
DA:22,0
DA:24,0
DA:25,0
DA:32,0
DA:34,0
DA:40,0
DA:43,1
DA:44,4
DA:45,0
DA:46,0
DA:52,0
LF:16
LH:3
BRDA:9,0,0,0
BRDA:9,0,1,0
BRDA:24,1,0,0
BRDA:24,1,1,0
BRDA:45,2,0,0
BRDA:45,2,1,0
BRF:6
BRH:0
end_of_record
TN:
SF:src/subscribers/controller/sub.controller.js
FN:3,(anonymous_0)
FN:22,(anonymous_1)
FN:41,(anonymous_2)
FNF:3
FNH:0
FNDA:0,(anonymous_0)
FNDA:0,(anonymous_1)
FNDA:0,(anonymous_2)
DA:3,1
DA:4,0
DA:5,0
DA:8,0
DA:15,0
DA:22,1
DA:23,0
DA:24,0
DA:26,0
DA:34,0
DA:41,1
DA:42,0
DA:43,0
DA:44,0
DA:49,0
LF:15
LH:3
BRF:0
BRH:0
end_of_record
TN:
SF:src/subscribers/model/sub.model.js
FNF:0
FNH:0
DA:3,1
DA:14,1
LF:2
LH:2
BRF:0
BRH:0
end_of_record
TN:
SF:src/subscribers/router/sub.router.js
FNF:0
FNH:0
DA:10,1
DA:12,1
DA:16,1
LF:3
LH:3
BRF:0
BRH:0
end_of_record
TN:
SF:src/users/controller/user.controller.js
FN:4,(anonymous_0)
FN:30,(anonymous_1)
FN:48,(anonymous_2)
FN:67,(anonymous_3)
FN:88,(anonymous_4)
FNF:5
FNH:0
FNDA:0,(anonymous_0)
FNDA:0,(anonymous_1)
FNDA:0,(anonymous_2)
FNDA:0,(anonymous_3)
FNDA:0,(anonymous_4)
DA:4,1
DA:5,0
DA:7,0
DA:8,0
DA:16,0
DA:23,0
DA:30,1
DA:31,0
DA:32,0
DA:34,0
DA:41,0
DA:48,1
DA:49,0
DA:50,0
DA:52,0
DA:60,0
DA:67,1
DA:68,0
DA:69,0
DA:74,0
DA:81,0
DA:88,1
DA:89,0
DA:90,0
DA:92,0
DA:97,0
LF:26
LH:5
BRF:0
BRH:0
end_of_record
TN:
SF:src/users/models/user.model.js
FN:37,(anonymous_0)
FN:44,(anonymous_1)
FNF:2
FNH:0
FNDA:0,(anonymous_0)
FNDA:0,(anonymous_1)
DA:4,1
DA:37,1
DA:41,0
DA:42,0
DA:44,1
DA:45,0
DA:47,1
LF:7
LH:4
BRF:0
BRH:0
end_of_record
TN:
SF:src/users/routes/userRoutes.js
FNF:0
FNH:0
DA:13,1
DA:22,1
DA:24,1
DA:28,1
LF:4
LH:4
BRF:0
BRH:0
end_of_record
