TN:
SF:app.js
FNF:0
FNH:0
DA:9,4
DA:10,4
DA:11,4
DA:13,4
DA:14,4
DA:15,4
DA:16,4
DA:17,4
LF:8
LH:8
BRF:0
BRH:0
end_of_record
TN:
SF:__test__/general.js
FN:1,truth
FN:4,addition
FNF:2
FNH:2
FNDA:1,truth
FNDA:1,addition
DA:2,1
DA:5,1
LF:2
LH:2
BRF:0
BRH:0
end_of_record
TN:
SF:src/auth/login/controller/login.controller.js
FN:5,(anonymous_0)
FNF:1
FNH:0
FNDA:0,(anonymous_0)
DA:5,4
DA:6,0
DA:7,0
DA:9,0
DA:12,0
DA:13,0
DA:19,0
DA:23,0
DA:29,0
LF:9
LH:1
BRDA:12,0,0,0
BRDA:12,0,1,0
BRDA:12,1,0,0
BRDA:12,1,1,0
BRF:4
BRH:0
end_of_record
TN:
SF:src/auth/signup/controller/signup.controller.js
FN:4,(anonymous_0)
FNF:1
FNH:1
FNDA:1,(anonymous_0)
DA:4,4
DA:5,1
DA:7,1
DA:8,1
DA:9,0
DA:13,1
DA:21,0
DA:29,0
LF:8
LH:5
BRDA:8,0,0,0
BRDA:8,0,1,1
BRF:2
BRH:1
end_of_record
TN:
SF:src/blog/controller/blog.Controller.js
FN:3,(anonymous_0)
FN:25,(anonymous_1)
FN:43,(anonymous_2)
FN:65,(anonymous_3)
FN:82,(anonymous_4)
FNF:5
FNH:1
FNDA:1,(anonymous_0)
FNDA:0,(anonymous_1)
FNDA:0,(anonymous_2)
FNDA:0,(anonymous_3)
FNDA:0,(anonymous_4)
DA:3,4
DA:4,1
DA:5,1
DA:10,0
DA:18,0
DA:25,4
DA:26,0
DA:27,0
DA:29,0
DA:36,0
DA:43,4
DA:44,0
DA:45,0
DA:46,0
DA:48,0
DA:50,0
DA:58,0
DA:65,4
DA:66,0
DA:67,0
DA:69,0
DA:75,0
DA:82,4
DA:83,0
DA:84,0
DA:89,0
DA:96,0
LF:27
LH:7
BRDA:46,0,0,0
BRDA:46,0,1,0
BRF:2
BRH:0
end_of_record
TN:
SF:src/blog/models/blog.model.js
FNF:0
FNH:0
DA:3,4
DA:28,4
DA:34,4
LF:3
LH:3
BRF:0
BRH:0
end_of_record
TN:
SF:src/blog/router/blog.router.js
FNF:0
FNH:0
DA:13,4
DA:15,4
DA:17,4
DA:18,4
LF:4
LH:4
BRF:0
BRH:0
end_of_record
TN:
SF:src/comment/controller/comment.controller.js
FN:3,(anonymous_0)
FN:25,(anonymous_1)
FN:44,(anonymous_2)
FNF:3
FNH:0
FNDA:0,(anonymous_0)
FNDA:0,(anonymous_1)
FNDA:0,(anonymous_2)
DA:3,4
DA:4,0
DA:5,0
DA:6,0
DA:8,0
DA:9,0
DA:10,0
DA:18,0
DA:25,4
DA:26,0
DA:27,0
DA:29,0
DA:37,0
DA:44,4
DA:45,0
DA:46,0
DA:47,0
DA:52,0
LF:18
LH:3
BRDA:4,0,0,0
BRDA:4,0,1,0
BRDA:5,1,0,0
BRDA:5,1,1,0
BRF:4
BRH:0
end_of_record
TN:
SF:src/comment/model/comment.model.js
FN:34,(anonymous_0)
FNF:1
FNH:0
FNDA:0,(anonymous_0)
DA:3,4
DA:34,4
DA:35,0
DA:40,0
DA:43,4
LF:5
LH:3
BRF:0
BRH:0
end_of_record
TN:
SF:src/comment/router/comment.router.js
FNF:0
FNH:0
DA:10,4
DA:12,4
DA:13,4
LF:3
LH:3
BRF:0
BRH:0
end_of_record
TN:
SF:src/emails/controller/email.controller.js
FN:3,(anonymous_0)
FN:25,(anonymous_1)
FN:43,(anonymous_2)
FN:60,(anonymous_3)
FNF:4
FNH:1
FNDA:1,(anonymous_0)
FNDA:0,(anonymous_1)
FNDA:0,(anonymous_2)
FNDA:0,(anonymous_3)
DA:3,4
DA:4,1
DA:5,1
DA:10,0
DA:18,0
DA:25,4
DA:26,0
DA:27,0
DA:28,0
DA:36,0
DA:43,4
DA:44,0
DA:45,0
DA:46,0
DA:53,0
DA:60,4
DA:61,0
DA:62,0
DA:63,0
DA:69,0
LF:20
LH:6
BRF:0
BRH:0
end_of_record
TN:
SF:src/emails/model/email.model.js
FNF:0
FNH:0
DA:3,4
DA:19,4
LF:2
LH:2
BRF:0
BRH:0
end_of_record
TN:
SF:src/emails/router/email.router.js
FNF:0
FNH:0
DA:11,4
DA:13,4
DA:14,4
LF:3
LH:3
BRF:0
BRH:0
end_of_record
TN:
SF:src/middlewares/middlewares.js
FN:5,(anonymous_0)
FN:43,(anonymous_1)
FN:44,(anonymous_2)
FNF:3
FNH:2
FNDA:1,(anonymous_0)
FNDA:8,(anonymous_1)
FNDA:0,(anonymous_2)
DA:5,4
DA:7,1
DA:9,1
DA:10,0
DA:15,0
DA:22,0
DA:24,0
DA:25,0
DA:32,0
DA:34,1
DA:40,1
DA:43,4
DA:44,8
DA:45,0
DA:46,0
DA:52,0
LF:16
LH:7
BRDA:9,0,0,0
BRDA:9,0,1,0
BRDA:24,1,0,0
BRDA:24,1,1,0
BRDA:45,2,0,0
BRDA:45,2,1,0
BRF:6
BRH:0
end_of_record
TN:
SF:src/subscribers/controller/sub.controller.js
FN:3,(anonymous_0)
FN:23,(anonymous_1)
FN:42,(anonymous_2)
FNF:3
FNH:1
FNDA:1,(anonymous_0)
FNDA:0,(anonymous_1)
FNDA:0,(anonymous_2)
DA:3,4
DA:4,1
DA:5,1
DA:8,0
DA:16,0
DA:23,4
DA:24,0
DA:25,0
DA:27,0
DA:35,0
DA:42,4
DA:43,0
DA:44,0
DA:45,0
DA:51,0
LF:15
LH:5
BRF:0
BRH:0
end_of_record
TN:
SF:src/subscribers/model/sub.model.js
FNF:0
FNH:0
DA:3,4
DA:14,4
LF:2
LH:2
BRF:0
BRH:0
end_of_record
TN:
SF:src/subscribers/router/sub.router.js
FNF:0
FNH:0
DA:9,4
DA:11,4
DA:12,4
LF:3
LH:3
BRF:0
BRH:0
end_of_record
TN:
SF:src/users/controller/user.controller.js
FN:4,(anonymous_0)
FN:30,(anonymous_1)
FN:48,(anonymous_2)
FN:67,(anonymous_3)
FN:88,(anonymous_4)
FNF:5
FNH:0
FNDA:0,(anonymous_0)
FNDA:0,(anonymous_1)
FNDA:0,(anonymous_2)
FNDA:0,(anonymous_3)
FNDA:0,(anonymous_4)
DA:4,4
DA:5,0
DA:7,0
DA:8,0
DA:16,0
DA:23,0
DA:30,4
DA:31,0
DA:32,0
DA:34,0
DA:41,0
DA:48,4
DA:49,0
DA:50,0
DA:52,0
DA:60,0
DA:67,4
DA:68,0
DA:69,0
DA:74,0
DA:81,0
DA:88,4
DA:89,0
DA:90,0
DA:92,0
DA:97,0
LF:26
LH:5
BRF:0
BRH:0
end_of_record
TN:
SF:src/users/models/user.model.js
FN:37,(anonymous_0)
FN:44,(anonymous_1)
FNF:2
FNH:1
FNDA:1,(anonymous_0)
FNDA:0,(anonymous_1)
DA:4,4
DA:37,4
DA:41,1
DA:42,1
DA:44,4
DA:45,0
DA:47,4
LF:7
LH:6
BRF:0
BRH:0
end_of_record
TN:
SF:src/users/routes/userRoutes.js
FNF:0
FNH:0
DA:13,4
DA:22,4
DA:24,4
DA:25,4
LF:4
LH:4
BRF:0
BRH:0
end_of_record
